<?xml version="1.0" encoding="UTF-8"?>
<!-- Generated by org.testng.reporters.JUnitXMLReporter -->
<testsuite ignored="0" hostname="DESKTOP-32NKH3D" failures="0" tests="5" name="Default test" time="0.694" errors="0" timestamp="2022-06-27T23:10:01 IST">
  <testcase classname="com.cjc.DWS.webapp.test.DWSTest" name="@BeforeTest openUrl" time="0.367">
    <failure type="org.openqa.selenium.WebDriverException" message="unknown error: cannot determine loading status
from disconnected: unable to send message to renderer
  (Session info: chrome=101.0.4951.67)
Build info: version: &amp;apos;3.141.59&amp;apos;, revision: &amp;apos;e82be7d358&amp;apos;, time: &amp;apos;2018-11-14T08:17:03&amp;apos;
System info: host: &amp;apos;DESKTOP-32NKH3D&amp;apos;, ip: &amp;apos;192.168.1.7&amp;apos;, os.name: &amp;apos;Windows 10&amp;apos;, os.arch: &amp;apos;amd64&amp;apos;, os.version: &amp;apos;10.0&amp;apos;, java.version: &amp;apos;16.0.2&amp;apos;
Driver info: org.openqa.selenium.chrome.ChromeDriver
Capabilities {acceptInsecureCerts: false, browserName: chrome, browserVersion: 101.0.4951.67, chrome: {chromedriverVersion: 101.0.4951.41 (93c720db8323..., userDataDir: C:\Users\HP\AppData\Local\T...}, goog:chromeOptions: {debuggerAddress: localhost:53790}, javascriptEnabled: true, networkConnectionEnabled: false, pageLoadStrategy: normal, platform: WINDOWS, platformName: WINDOWS, proxy: Proxy(), setWindowRect: true, strictFileInteractability: false, timeouts: {implicit: 0, pageLoad: 300000, script: 30000}, unhandledPromptBehavior: dismiss and notify, webauthn:extension:credBlob: true, webauthn:extension:largeBlob: true, webauthn:virtualAuthenticators: true}
Session ID: 4140631b78873eb2db98e9137eac56e9">
      <![CDATA[org.openqa.selenium.WebDriverException: unknown error: cannot determine loading status
from disconnected: unable to send message to renderer
  (Session info: chrome=101.0.4951.67)
Build info: version: '3.141.59', revision: 'e82be7d358', time: '2018-11-14T08:17:03'
System info: host: 'DESKTOP-32NKH3D', ip: '192.168.1.7', os.name: 'Windows 10', os.arch: 'amd64', os.version: '10.0', java.version: '16.0.2'
Driver info: org.openqa.selenium.chrome.ChromeDriver
Capabilities {acceptInsecureCerts: false, browserName: chrome, browserVersion: 101.0.4951.67, chrome: {chromedriverVersion: 101.0.4951.41 (93c720db8323..., userDataDir: C:\Users\HP\AppData\Local\T...}, goog:chromeOptions: {debuggerAddress: localhost:53790}, javascriptEnabled: true, networkConnectionEnabled: false, pageLoadStrategy: normal, platform: WINDOWS, platformName: WINDOWS, proxy: Proxy(), setWindowRect: true, strictFileInteractability: false, timeouts: {implicit: 0, pageLoad: 300000, script: 30000}, unhandledPromptBehavior: dismiss and notify, webauthn:extension:credBlob: true, webauthn:extension:largeBlob: true, webauthn:virtualAuthenticators: true}
Session ID: 4140631b78873eb2db98e9137eac56e9
at java.base/jdk.internal.reflect.NativeConstructorAccessorImpl.newInstance0(Native Method)
at java.base/jdk.internal.reflect.NativeConstructorAccessorImpl.newInstance(NativeConstructorAccessorImpl.java:78)
at java.base/jdk.internal.reflect.DelegatingConstructorAccessorImpl.newInstance(DelegatingConstructorAccessorImpl.java:45)
at java.base/java.lang.reflect.Constructor.newInstanceWithCaller(Constructor.java:499)
at java.base/java.lang.reflect.Constructor.newInstance(Constructor.java:480)
at org.openqa.selenium.remote.http.W3CHttpResponseCodec.createException(W3CHttpResponseCodec.java:187)
at org.openqa.selenium.remote.http.W3CHttpResponseCodec.decode(W3CHttpResponseCodec.java:122)
at org.openqa.selenium.remote.http.W3CHttpResponseCodec.decode(W3CHttpResponseCodec.java:49)
at org.openqa.selenium.remote.HttpCommandExecutor.execute(HttpCommandExecutor.java:158)
at org.openqa.selenium.remote.service.DriverCommandExecutor.execute(DriverCommandExecutor.java:83)
at org.openqa.selenium.remote.RemoteWebDriver.execute(RemoteWebDriver.java:552)
at org.openqa.selenium.remote.RemoteWebDriver.get(RemoteWebDriver.java:277)
at com.cjc.DWS.webapp.test.DWSTest.openUrl(DWSTest.java:76)
at java.base/jdk.internal.reflect.NativeMethodAccessorImpl.invoke0(Native Method)
at java.base/jdk.internal.reflect.NativeMethodAccessorImpl.invoke(NativeMethodAccessorImpl.java:78)
at java.base/jdk.internal.reflect.DelegatingMethodAccessorImpl.invoke(DelegatingMethodAccessorImpl.java:43)
at java.base/java.lang.reflect.Method.invoke(Method.java:567)
at org.testng.internal.MethodInvocationHelper.invokeMethod(MethodInvocationHelper.java:133)
at org.testng.internal.MethodInvocationHelper.invokeMethodConsideringTimeout(MethodInvocationHelper.java:62)
at org.testng.internal.ConfigInvoker.invokeConfigurationMethod(ConfigInvoker.java:385)
at org.testng.internal.ConfigInvoker.invokeConfigurations(ConfigInvoker.java:321)
at org.testng.TestRunner.invokeTestConfigurations(TestRunner.java:637)
at org.testng.TestRunner.beforeRun(TestRunner.java:627)
at org.testng.TestRunner.run(TestRunner.java:589)
at org.testng.SuiteRunner.runTest(SuiteRunner.java:377)
at org.testng.SuiteRunner.runSequentially(SuiteRunner.java:371)
at org.testng.SuiteRunner.privateRun(SuiteRunner.java:332)
at org.testng.SuiteRunner.run(SuiteRunner.java:276)
at org.testng.SuiteRunnerWorker.runSuite(SuiteRunnerWorker.java:53)
at org.testng.SuiteRunnerWorker.run(SuiteRunnerWorker.java:96)
at org.testng.TestNG.runSuitesSequentially(TestNG.java:1212)
at org.testng.TestNG.runSuitesLocally(TestNG.java:1134)
at org.testng.TestNG.runSuites(TestNG.java:1063)
at org.testng.TestNG.run(TestNG.java:1031)
at org.testng.remote.AbstractRemoteTestNG.run(AbstractRemoteTestNG.java:115)
at org.testng.remote.RemoteTestNG.initAndRun(RemoteTestNG.java:251)
at org.testng.remote.RemoteTestNG.main(RemoteTestNG.java:77)
]]>
    </failure>
  </testcase> <!-- @BeforeTest openUrl -->
  <testcase classname="com.cjc.DWS.webapp.test.DWSTest" name="@BeforeClass maximizePage" time="-1.656351600736E9">
    <skipped/>
  </testcase> <!-- @BeforeClass maximizePage -->
  <testcase classname="com.cjc.DWS.webapp.test.DWSTest" name="@BeforeMethod cookies" time="-1.656351600765E9">
    <skipped/>
  </testcase> <!-- @BeforeMethod cookies -->
  <testcase classname="com.cjc.DWS.webapp.test.DWSTest" name="@AfterMethod CaptureScreenShot" time="-1.656351600792E9">
    <skipped/>
  </testcase> <!-- @AfterMethod CaptureScreenShot -->
  <testcase classname="com.cjc.DWS.webapp.test.DWSTest" name="@BeforeMethod cookies" time="-1.6563516008E9">
    <skipped/>
  </testcase> <!-- @BeforeMethod cookies -->
  <testcase classname="com.cjc.DWS.webapp.test.DWSTest" name="@AfterMethod CaptureScreenShot" time="-1.656351600835E9">
    <skipped/>
  </testcase> <!-- @AfterMethod CaptureScreenShot -->
  <testcase classname="com.cjc.DWS.webapp.test.DWSTest" name="@BeforeMethod cookies" time="-1.65635160084E9">
    <skipped/>
  </testcase> <!-- @BeforeMethod cookies -->
  <testcase classname="com.cjc.DWS.webapp.test.DWSTest" name="@AfterMethod CaptureScreenShot" time="-1.656351600853E9">
    <skipped/>
  </testcase> <!-- @AfterMethod CaptureScreenShot -->
  <testcase classname="com.cjc.DWS.webapp.test.DWSTest" name="@BeforeMethod cookies" time="-1.656351600857E9">
    <skipped/>
  </testcase> <!-- @BeforeMethod cookies -->
  <testcase classname="com.cjc.DWS.webapp.test.DWSTest" name="@AfterMethod CaptureScreenShot" time="-1.656351600883E9">
    <skipped/>
  </testcase> <!-- @AfterMethod CaptureScreenShot -->
  <testcase classname="com.cjc.DWS.webapp.test.DWSTest" name="@BeforeMethod cookies" time="-1.65635160089E9">
    <skipped/>
  </testcase> <!-- @BeforeMethod cookies -->
  <testcase classname="com.cjc.DWS.webapp.test.DWSTest" name="@AfterMethod CaptureScreenShot" time="-1.656351600902E9">
    <skipped/>
  </testcase> <!-- @AfterMethod CaptureScreenShot -->
  <testcase classname="com.cjc.DWS.webapp.test.DWSTest" name="@AfterClass deleteCookies" time="-1.656351600912E9">
    <skipped/>
  </testcase> <!-- @AfterClass deleteCookies -->
  <testcase classname="com.cjc.DWS.webapp.test.DWSTest" name="@AfterTest dataBaseClose" time="-1.656351600917E9">
    <skipped/>
  </testcase> <!-- @AfterTest dataBaseClose -->
  <testcase classname="com.cjc.DWS.webapp.test.DWSTest" name="registerTest" time="0.0">
    <skipped/>
  </testcase> <!-- registerTest -->
  <testcase classname="com.cjc.DWS.webapp.test.DWSTest" name="loginTest" time="0.0">
    <skipped/>
  </testcase> <!-- loginTest -->
  <testcase classname="com.cjc.DWS.webapp.test.DWSTest" name="addcartTest" time="0.0">
    <skipped/>
  </testcase> <!-- addcartTest -->
  <testcase classname="com.cjc.DWS.webapp.test.DWSTest" name="billingTest" time="0.0">
    <skipped/>
  </testcase> <!-- billingTest -->
  <testcase classname="com.cjc.DWS.webapp.test.DWSTest" name="paymentTest" time="0.0">
    <skipped/>
  </testcase> <!-- paymentTest -->
</testsuite> <!-- Default test -->
